<?xml version="1.0" encoding="utf-8"?><testsuites name="pytest tests"><testsuite name="pytest" errors="0" failures="0" skipped="0" tests="62" time="17.603" timestamp="2026-02-20T19:24:19.093181+00:00" hostname="agent-env-bfddb496-f465-4e6d-b505-08a763225fb4"><testcase classname="tests.test_admin_auth.TestAdminAuth" name="test_admin_login_returns_role" time="0.386" /><testcase classname="tests.test_admin_auth.TestAdminAuth" name="test_admin_dashboard_with_token" time="0.463" /><testcase classname="tests.test_admin_auth.TestAdminAuth" name="test_admin_products_endpoint_with_token" time="0.576" /><testcase classname="tests.test_admin_auth.TestAdminAuth" name="test_admin_products_large_pagesize_fails" time="0.553" /><testcase classname="tests.test_admin_auth.TestAdminAuth" name="test_protected_endpoint_without_token_fails" time="0.129" /><testcase classname="tests.test_admin_auth.TestAdminAuth" name="test_regular_user_role_on_login" time="0.593" /><testcase classname="tests.test_admin_auth.TestJWTTokenRole" name="test_jwt_token_contains_role_claim" time="0.356" /><testcase classname="tests.test_auth.TestAuthRegister" name="test_register_new_user_success" time="0.567" /><testcase classname="tests.test_auth.TestAuthRegister" name="test_register_duplicate_phone_fails" time="0.114" /><testcase classname="tests.test_auth.TestAuthRegister" name="test_register_missing_required_fields" time="0.133" /><testcase classname="tests.test_auth.TestAuthLogin" name="test_login_with_email_success" time="0.340" /><testcase classname="tests.test_auth.TestAuthLogin" name="test_login_with_phone_success" time="0.349" /><testcase classname="tests.test_auth.TestAuthLogin" name="test_login_invalid_credentials" time="0.173" /><testcase classname="tests.test_auth.TestAuthLogin" name="test_login_wrong_password" time="0.377" /><testcase classname="tests.test_cart_wishlist.TestCart" name="test_get_cart_requires_auth" time="0.304" /><testcase classname="tests.test_cart_wishlist.TestCart" name="test_get_cart_authenticated" time="0.534" /><testcase classname="tests.test_cart_wishlist.TestCart" name="test_add_to_cart" time="0.329" /><testcase classname="tests.test_cart_wishlist.TestCart" name="test_add_to_cart_invalid_product" time="0.133" /><testcase classname="tests.test_cart_wishlist.TestWishlist" name="test_get_wishlist_requires_auth" time="0.139" /><testcase classname="tests.test_cart_wishlist.TestWishlist" name="test_get_wishlist_authenticated" time="0.118" /><testcase classname="tests.test_cart_wishlist.TestWishlist" name="test_add_to_wishlist" time="0.330" /><testcase classname="tests.test_cart_wishlist.TestWishlist" name="test_add_to_wishlist_invalid_product" time="0.198" /><testcase classname="tests.test_cart_wishlist.TestWishlist" name="test_check_product_in_wishlist" time="0.192" /><testcase classname="tests.test_health.TestHealthCheck" name="test_health_endpoint_returns_200" time="0.112" /><testcase classname="tests.test_health.TestHealthCheck" name="test_health_response_structure" time="0.169" /><testcase classname="tests.test_health.TestHealthCheck" name="test_api_docs_endpoint" time="0.132" /><testcase classname="tests.test_inventory.TestInventory" name="test_get_product_inventory" time="0.110" /><testcase classname="tests.test_inventory.TestInventory" name="test_get_inventory_not_found" time="0.171" /><testcase classname="tests.test_inventory.TestInventory" name="test_get_available_stock" time="0.145" /><testcase classname="tests.test_orders.TestOrders" name="test_get_orders_requires_auth" time="0.184" /><testcase classname="tests.test_orders.TestOrders" name="test_get_orders_authenticated" time="0.128" /><testcase classname="tests.test_orders.TestOrders" name="test_get_orders_with_pagination" time="0.158" /><testcase classname="tests.test_orders.TestOrders" name="test_create_order_empty_cart_fails" time="0.304" /><testcase classname="tests.test_orders.TestOrders" name="test_create_order_with_items" time="0.208" /><testcase classname="tests.test_products.TestProductsList" name="test_get_products_default" time="0.109" /><testcase classname="tests.test_products.TestProductsList" name="test_get_products_with_pagination" time="0.117" /><testcase classname="tests.test_products.TestProductsList" name="test_get_products_sort_by_price_asc" time="0.130" /><testcase classname="tests.test_products.TestProductsList" name="test_get_products_sort_by_price_desc" time="0.146" /><testcase classname="tests.test_products.TestProductsList" name="test_get_products_filter_by_search" time="0.122" /><testcase classname="tests.test_products.TestProductsList" name="test_get_products_filter_in_stock_only" time="0.183" /><testcase classname="tests.test_products.TestProductsList" name="test_get_products_filter_by_price_range" time="0.119" /><testcase classname="tests.test_products.TestProductsCategories" name="test_get_categories" time="0.135" /><testcase classname="tests.test_products.TestProductsCategories" name="test_get_categories_with_subcategories" time="0.114" /><testcase classname="tests.test_products.TestProductsBrands" name="test_get_brands" time="0.194" /><testcase classname="tests.test_products.TestSingleProduct" name="test_get_product_by_id" time="0.127" /><testcase classname="tests.test_products.TestSingleProduct" name="test_get_product_not_found" time="0.108" /><testcase classname="tests.test_products.TestProductReviews" name="test_get_product_reviews" time="0.180" /><testcase classname="tests.test_reviews_cloudinary.TestCloudinaryConfig" name="test_cloudinary_config_endpoint" time="0.147" /><testcase classname="tests.test_reviews_cloudinary.TestCloudinaryConfig" name="test_cloudinary_signature_requires_auth" time="0.200" /><testcase classname="tests.test_reviews_cloudinary.TestProductReviews" name="test_get_product_reviews_public" time="0.190" /><testcase classname="tests.test_reviews_cloudinary.TestProductReviews" name="test_submit_review_requires_auth" time="0.189" /><testcase classname="tests.test_reviews_cloudinary.TestProductReviews" name="test_submit_review_authenticated" time="0.519" /><testcase classname="tests.test_reviews_cloudinary.TestProductReviews" name="test_review_validation_missing_rating" time="0.598" /><testcase classname="tests.test_reviews_cloudinary.TestAdminCategories" name="test_get_admin_categories" time="0.676" /><testcase classname="tests.test_reviews_cloudinary.TestAdminCategories" name="test_create_category" time="0.429" /><testcase classname="tests.test_reviews_cloudinary.TestAdminCategories" name="test_update_category" time="0.581" /><testcase classname="tests.test_reviews_cloudinary.TestAdminCategories" name="test_delete_category" time="0.511" /><testcase classname="tests.test_reviews_cloudinary.TestAdminPromotions" name="test_get_promotions" time="0.417" /><testcase classname="tests.test_reviews_cloudinary.TestAdminPromotions" name="test_create_promotion" time="0.446" /><testcase classname="tests.test_reviews_cloudinary.TestAdminPromotions" name="test_update_promotion" time="0.575" /><testcase classname="tests.test_reviews_cloudinary.TestAdminPromotions" name="test_delete_promotion" time="0.546" /><testcase classname="tests.test_reviews_cloudinary.TestAdminImageUpload" name="test_local_upload_endpoint" time="0.485" /></testsuite></testsuites>