<?xml version="1.0" encoding="utf-8"?><testsuites name="pytest tests"><testsuite name="pytest" errors="0" failures="0" skipped="0" tests="40" time="7.341" timestamp="2026-02-20T17:05:28.090134+00:00" hostname="agent-env-b73a60bb-cb2c-4d07-9d8a-46c62984e01e"><testcase classname="backend.tests.test_auth.TestAuthRegister" name="test_register_new_user_success" time="0.738" /><testcase classname="backend.tests.test_auth.TestAuthRegister" name="test_register_duplicate_phone_fails" time="0.111" /><testcase classname="backend.tests.test_auth.TestAuthRegister" name="test_register_missing_required_fields" time="0.111" /><testcase classname="backend.tests.test_auth.TestAuthLogin" name="test_login_with_email_success" time="0.380" /><testcase classname="backend.tests.test_auth.TestAuthLogin" name="test_login_with_phone_success" time="0.336" /><testcase classname="backend.tests.test_auth.TestAuthLogin" name="test_login_invalid_credentials" time="0.137" /><testcase classname="backend.tests.test_auth.TestAuthLogin" name="test_login_wrong_password" time="0.347" /><testcase classname="backend.tests.test_cart_wishlist.TestCart" name="test_get_cart_requires_auth" time="0.127" /><testcase classname="backend.tests.test_cart_wishlist.TestCart" name="test_get_cart_authenticated" time="0.474" /><testcase classname="backend.tests.test_cart_wishlist.TestCart" name="test_add_to_cart" time="0.256" /><testcase classname="backend.tests.test_cart_wishlist.TestCart" name="test_add_to_cart_invalid_product" time="0.201" /><testcase classname="backend.tests.test_cart_wishlist.TestWishlist" name="test_get_wishlist_requires_auth" time="0.107" /><testcase classname="backend.tests.test_cart_wishlist.TestWishlist" name="test_get_wishlist_authenticated" time="0.134" /><testcase classname="backend.tests.test_cart_wishlist.TestWishlist" name="test_add_to_wishlist" time="0.123" /><testcase classname="backend.tests.test_cart_wishlist.TestWishlist" name="test_add_to_wishlist_invalid_product" time="0.127" /><testcase classname="backend.tests.test_cart_wishlist.TestWishlist" name="test_check_product_in_wishlist" time="0.144" /><testcase classname="backend.tests.test_health.TestHealthCheck" name="test_health_endpoint_returns_200" time="0.145" /><testcase classname="backend.tests.test_health.TestHealthCheck" name="test_health_response_structure" time="0.150" /><testcase classname="backend.tests.test_health.TestHealthCheck" name="test_api_docs_endpoint" time="0.118" /><testcase classname="backend.tests.test_inventory.TestInventory" name="test_get_product_inventory" time="0.169" /><testcase classname="backend.tests.test_inventory.TestInventory" name="test_get_inventory_not_found" time="0.134" /><testcase classname="backend.tests.test_inventory.TestInventory" name="test_get_available_stock" time="0.126" /><testcase classname="backend.tests.test_orders.TestOrders" name="test_get_orders_requires_auth" time="0.121" /><testcase classname="backend.tests.test_orders.TestOrders" name="test_get_orders_authenticated" time="0.133" /><testcase classname="backend.tests.test_orders.TestOrders" name="test_get_orders_with_pagination" time="0.125" /><testcase classname="backend.tests.test_orders.TestOrders" name="test_create_order_empty_cart_fails" time="0.196" /><testcase classname="backend.tests.test_orders.TestOrders" name="test_create_order_with_items" time="0.177" /><testcase classname="backend.tests.test_products.TestProductsList" name="test_get_products_default" time="0.178" /><testcase classname="backend.tests.test_products.TestProductsList" name="test_get_products_with_pagination" time="0.116" /><testcase classname="backend.tests.test_products.TestProductsList" name="test_get_products_sort_by_price_asc" time="0.150" /><testcase classname="backend.tests.test_products.TestProductsList" name="test_get_products_sort_by_price_desc" time="0.110" /><testcase classname="backend.tests.test_products.TestProductsList" name="test_get_products_filter_by_search" time="0.121" /><testcase classname="backend.tests.test_products.TestProductsList" name="test_get_products_filter_in_stock_only" time="0.159" /><testcase classname="backend.tests.test_products.TestProductsList" name="test_get_products_filter_by_price_range" time="0.159" /><testcase classname="backend.tests.test_products.TestProductsCategories" name="test_get_categories" time="0.131" /><testcase classname="backend.tests.test_products.TestProductsCategories" name="test_get_categories_with_subcategories" time="0.114" /><testcase classname="backend.tests.test_products.TestProductsBrands" name="test_get_brands" time="0.138" /><testcase classname="backend.tests.test_products.TestSingleProduct" name="test_get_product_by_id" time="0.174" /><testcase classname="backend.tests.test_products.TestSingleProduct" name="test_get_product_not_found" time="0.119" /><testcase classname="backend.tests.test_products.TestProductReviews" name="test_get_product_reviews" time="0.110" /></testsuite></testsuites>