<?xml version="1.0" encoding="utf-8"?><testsuites name="pytest tests"><testsuite name="pytest" errors="0" failures="0" skipped="0" tests="47" time="10.699" timestamp="2026-02-20T19:05:06.018893+00:00" hostname="agent-env-bfddb496-f465-4e6d-b505-08a763225fb4"><testcase classname="backend.tests.test_admin_auth.TestAdminAuth" name="test_admin_login_returns_role" time="0.470" /><testcase classname="backend.tests.test_admin_auth.TestAdminAuth" name="test_admin_dashboard_with_token" time="0.451" /><testcase classname="backend.tests.test_admin_auth.TestAdminAuth" name="test_admin_products_endpoint_with_token" time="0.406" /><testcase classname="backend.tests.test_admin_auth.TestAdminAuth" name="test_admin_products_large_pagesize_fails" time="0.418" /><testcase classname="backend.tests.test_admin_auth.TestAdminAuth" name="test_protected_endpoint_without_token_fails" time="0.115" /><testcase classname="backend.tests.test_admin_auth.TestAdminAuth" name="test_regular_user_role_on_login" time="0.579" /><testcase classname="backend.tests.test_admin_auth.TestJWTTokenRole" name="test_jwt_token_contains_role_claim" time="0.374" /><testcase classname="backend.tests.test_auth.TestAuthRegister" name="test_register_new_user_success" time="0.578" /><testcase classname="backend.tests.test_auth.TestAuthRegister" name="test_register_duplicate_phone_fails" time="0.183" /><testcase classname="backend.tests.test_auth.TestAuthRegister" name="test_register_missing_required_fields" time="0.120" /><testcase classname="backend.tests.test_auth.TestAuthLogin" name="test_login_with_email_success" time="0.387" /><testcase classname="backend.tests.test_auth.TestAuthLogin" name="test_login_with_phone_success" time="0.379" /><testcase classname="backend.tests.test_auth.TestAuthLogin" name="test_login_invalid_credentials" time="0.163" /><testcase classname="backend.tests.test_auth.TestAuthLogin" name="test_login_wrong_password" time="0.367" /><testcase classname="backend.tests.test_cart_wishlist.TestCart" name="test_get_cart_requires_auth" time="0.208" /><testcase classname="backend.tests.test_cart_wishlist.TestCart" name="test_get_cart_authenticated" time="0.631" /><testcase classname="backend.tests.test_cart_wishlist.TestCart" name="test_add_to_cart" time="0.285" /><testcase classname="backend.tests.test_cart_wishlist.TestCart" name="test_add_to_cart_invalid_product" time="0.171" /><testcase classname="backend.tests.test_cart_wishlist.TestWishlist" name="test_get_wishlist_requires_auth" time="0.118" /><testcase classname="backend.tests.test_cart_wishlist.TestWishlist" name="test_get_wishlist_authenticated" time="0.153" /><testcase classname="backend.tests.test_cart_wishlist.TestWishlist" name="test_add_to_wishlist" time="0.112" /><testcase classname="backend.tests.test_cart_wishlist.TestWishlist" name="test_add_to_wishlist_invalid_product" time="0.115" /><testcase classname="backend.tests.test_cart_wishlist.TestWishlist" name="test_check_product_in_wishlist" time="0.185" /><testcase classname="backend.tests.test_health.TestHealthCheck" name="test_health_endpoint_returns_200" time="0.126" /><testcase classname="backend.tests.test_health.TestHealthCheck" name="test_health_response_structure" time="0.096" /><testcase classname="backend.tests.test_health.TestHealthCheck" name="test_api_docs_endpoint" time="0.130" /><testcase classname="backend.tests.test_inventory.TestInventory" name="test_get_product_inventory" time="0.148" /><testcase classname="backend.tests.test_inventory.TestInventory" name="test_get_inventory_not_found" time="0.106" /><testcase classname="backend.tests.test_inventory.TestInventory" name="test_get_available_stock" time="0.134" /><testcase classname="backend.tests.test_orders.TestOrders" name="test_get_orders_requires_auth" time="0.117" /><testcase classname="backend.tests.test_orders.TestOrders" name="test_get_orders_authenticated" time="0.144" /><testcase classname="backend.tests.test_orders.TestOrders" name="test_get_orders_with_pagination" time="0.095" /><testcase classname="backend.tests.test_orders.TestOrders" name="test_create_order_empty_cart_fails" time="0.199" /><testcase classname="backend.tests.test_orders.TestOrders" name="test_create_order_with_items" time="0.203" /><testcase classname="backend.tests.test_products.TestProductsList" name="test_get_products_default" time="0.226" /><testcase classname="backend.tests.test_products.TestProductsList" name="test_get_products_with_pagination" time="0.155" /><testcase classname="backend.tests.test_products.TestProductsList" name="test_get_products_sort_by_price_asc" time="0.118" /><testcase classname="backend.tests.test_products.TestProductsList" name="test_get_products_sort_by_price_desc" time="0.170" /><testcase classname="backend.tests.test_products.TestProductsList" name="test_get_products_filter_by_search" time="0.119" /><testcase classname="backend.tests.test_products.TestProductsList" name="test_get_products_filter_in_stock_only" time="0.120" /><testcase classname="backend.tests.test_products.TestProductsList" name="test_get_products_filter_by_price_range" time="0.138" /><testcase classname="backend.tests.test_products.TestProductsCategories" name="test_get_categories" time="0.169" /><testcase classname="backend.tests.test_products.TestProductsCategories" name="test_get_categories_with_subcategories" time="0.244" /><testcase classname="backend.tests.test_products.TestProductsBrands" name="test_get_brands" time="0.137" /><testcase classname="backend.tests.test_products.TestSingleProduct" name="test_get_product_by_id" time="0.161" /><testcase classname="backend.tests.test_products.TestSingleProduct" name="test_get_product_not_found" time="0.174" /><testcase classname="backend.tests.test_products.TestProductReviews" name="test_get_product_reviews" time="0.155" /></testsuite></testsuites>